<?xml version="1.0" encoding="UTF-8"?>
<!-- Generated by org.testng.reporters.JUnitReportReporter -->
<testsuite hostname="LAPTOP-FD7TKB4I" failures="0" tests="2" name="com.qa.testCases.runnerCases" time="34.606" errors="0" timestamp="2024-03-31T01:15:46 IST" skipped="0">
  <testcase classname="com.qa.testCases.runnerCases" name="ClicOnDropdown" time="16.056"/>
  <testcase classname="com.qa.testCases.runnerCases" name="ClickOnSearchIcon" time="18.550"/>
</testsuite> <!-- com.qa.testCases.runnerCases -->
