<?xml version="1.0" encoding="UTF-8"?>
<!-- Generated by org.testng.reporters.JUnitReportReporter -->
<testsuite hostname="LAPTOP-FD7TKB4I" failures="0" tests="2" name="com.qa.testCases.testCases" time="43.945" errors="0" timestamp="2024-03-31T01:05:55 IST" skipped="0">
  <testcase classname="com.qa.testCases.testCases" name="ClicOnDropdown" time="22.407"/>
  <testcase classname="com.qa.testCases.testCases" name="ClickOnSearchIcon" time="21.538"/>
</testsuite> <!-- com.qa.testCases.testCases -->
